{"C:\\Users\\True\\Hapi-routes\\firstNameAPI.js": {"path":"C:\\Users\\True\\Hapi-routes\\firstNameAPI.js","statementMap":{"0":{"start":{"line":1,"column":13},"end":{"line":1,"column":42}},"1":{"start":{"line":2,"column":21},"end":{"line":17,"column":1}},"2":{"start":{"line":3,"column":19},"end":{"line":3,"column":28}},"3":{"start":{"line":5,"column":2},"end":{"line":15,"column":3}},"4":{"start":{"line":7,"column":25},"end":{"line":7,"column":41}},"5":{"start":{"line":8,"column":25},"end":{"line":8,"column":54}},"6":{"start":{"line":9,"column":4},"end":{"line":9,"column":35}},"7":{"start":{"line":10,"column":4},"end":{"line":10,"column":10}},"8":{"start":{"line":12,"column":4},"end":{"line":12,"column":32}},"9":{"start":{"line":13,"column":4},"end":{"line":13,"column":10}},"10":{"start":{"line":14,"column":12},"end":{"line":14,"column":39}},"11":{"start":{"line":16,"column":2},"end":{"line":16,"column":18}},"12":{"start":{"line":18,"column":20},"end":{"line":21,"column":1}},"13":{"start":{"line":19,"column":2},"end":{"line":19,"column":33}},"14":{"start":{"line":19,"column":23},"end":{"line":19,"column":33}},"15":{"start":{"line":20,"column":2},"end":{"line":20,"column":32}},"16":{"start":{"line":20,"column":23},"end":{"line":20,"column":32}},"17":{"start":{"line":22,"column":0},"end":{"line":22,"column":30}}},"fnMap":{"0":{"name":"(anonymous_0)","decl":{"start":{"line":2,"column":21},"end":{"line":2,"column":22}},"loc":{"start":{"line":2,"column":35},"end":{"line":17,"column":1}},"line":2},"1":{"name":"(anonymous_1)","decl":{"start":{"line":18,"column":20},"end":{"line":18,"column":21}},"loc":{"start":{"line":18,"column":30},"end":{"line":21,"column":1}},"line":18}},"branchMap":{"0":{"loc":{"start":{"line":5,"column":2},"end":{"line":15,"column":3}},"type":"switch","locations":[{"start":{"line":6,"column":2},"end":{"line":10,"column":10}},{"start":{"line":11,"column":2},"end":{"line":13,"column":10}},{"start":{"line":14,"column":2},"end":{"line":14,"column":39}}],"line":5},"1":{"loc":{"start":{"line":19,"column":2},"end":{"line":19,"column":33}},"type":"if","locations":[{"start":{"line":19,"column":2},"end":{"line":19,"column":33}},{"start":{"line":19,"column":2},"end":{"line":19,"column":33}}],"line":19},"2":{"loc":{"start":{"line":20,"column":2},"end":{"line":20,"column":32}},"type":"if","locations":[{"start":{"line":20,"column":2},"end":{"line":20,"column":32}},{"start":{"line":20,"column":2},"end":{"line":20,"column":32}}],"line":20}},"s":{"0":1,"1":1,"2":3,"3":3,"4":1,"5":1,"6":1,"7":1,"8":1,"9":1,"10":1,"11":3,"12":1,"13":5,"14":1,"15":4,"16":4,"17":1},"f":{"0":3,"1":5},"b":{"0":[1,1,1],"1":[1,4],"2":[4,0]},"_coverageSchema":"332fd63041d2c1bcb487cc26dd0d5f7d97098a6c","hash":"6420209fa09fd269727e5cb04d493f7324e10780"}
,"C:\\Users\\True\\Hapi-routes\\getUserAPI.js": {"path":"C:\\Users\\True\\Hapi-routes\\getUserAPI.js","statementMap":{"0":{"start":{"line":1,"column":13},"end":{"line":1,"column":42}},"1":{"start":{"line":2,"column":11},"end":{"line":2,"column":24}},"2":{"start":{"line":3,"column":19},"end":{"line":12,"column":1}},"3":{"start":{"line":4,"column":20},"end":{"line":4,"column":29}},"4":{"start":{"line":5,"column":21},"end":{"line":5,"column":72}},"5":{"start":{"line":5,"column":43},"end":{"line":5,"column":71}},"6":{"start":{"line":6,"column":2},"end":{"line":11,"column":3}},"7":{"start":{"line":7,"column":21},"end":{"line":7,"column":40}},"8":{"start":{"line":8,"column":4},"end":{"line":8,"column":65}},"9":{"start":{"line":10,"column":4},"end":{"line":10,"column":41}},"10":{"start":{"line":13,"column":0},"end":{"line":13,"column":28}}},"fnMap":{"0":{"name":"(anonymous_0)","decl":{"start":{"line":3,"column":19},"end":{"line":3,"column":20}},"loc":{"start":{"line":3,"column":33},"end":{"line":12,"column":1}},"line":3},"1":{"name":"(anonymous_1)","decl":{"start":{"line":5,"column":36},"end":{"line":5,"column":37}},"loc":{"start":{"line":5,"column":43},"end":{"line":5,"column":71}},"line":5}},"branchMap":{"0":{"loc":{"start":{"line":5,"column":43},"end":{"line":5,"column":71}},"type":"cond-expr","locations":[{"start":{"line":5,"column":65},"end":{"line":5,"column":66}},{"start":{"line":5,"column":69},"end":{"line":5,"column":71}}],"line":5},"1":{"loc":{"start":{"line":6,"column":2},"end":{"line":11,"column":3}},"type":"if","locations":[{"start":{"line":6,"column":2},"end":{"line":11,"column":3}},{"start":{"line":6,"column":2},"end":{"line":11,"column":3}}],"line":6}},"s":{"0":1,"1":1,"2":1,"3":2,"4":2,"5":5,"6":2,"7":1,"8":1,"9":1,"10":1},"f":{"0":2,"1":5},"b":{"0":[1,4],"1":[1,1]},"_coverageSchema":"332fd63041d2c1bcb487cc26dd0d5f7d97098a6c","hash":"fb9ed234450d69d69010f494317cf13e0808333b"}
}
