TN:
SF:E:\CODEACADEMY_WORKSPACE\Hapi-routes\user-data.js
FN:4,(anonymous_0)
FN:10,(anonymous_1)
FN:27,(anonymous_2)
FN:27,(anonymous_3)
FN:28,(anonymous_4)
FN:35,(anonymous_5)
FN:39,(anonymous_6)
FN:50,(anonymous_7)
FN:50,(anonymous_8)
FN:51,(anonymous_9)
FN:58,(anonymous_10)
FN:58,(anonymous_11)
FN:59,(anonymous_12)
FN:66,(anonymous_13)
FN:70,(anonymous_14)
FN:84,(anonymous_15)
FNF:16
FNH:12
FNDA:3,(anonymous_0)
FNDA:5,(anonymous_1)
FNDA:1,(anonymous_2)
FNDA:1,(anonymous_3)
FNDA:0,(anonymous_4)
FNDA:2,(anonymous_5)
FNDA:5,(anonymous_6)
FNDA:1,(anonymous_7)
FNDA:1,(anonymous_8)
FNDA:0,(anonymous_9)
FNDA:1,(anonymous_10)
FNDA:1,(anonymous_11)
FNDA:0,(anonymous_12)
FNDA:2,(anonymous_13)
FNDA:5,(anonymous_14)
FNDA:0,(anonymous_15)
DA:1,1
DA:2,1
DA:4,1
DA:5,3
DA:6,0
DA:8,3
DA:9,1
DA:10,1
DA:11,5
DA:12,5
DA:13,5
DA:14,1
DA:15,4
DA:16,4
DA:18,0
DA:21,1
DA:23,2
DA:27,1
DA:28,1
DA:29,0
DA:30,0
DA:32,0
DA:35,1
DA:36,2
DA:37,0
DA:39,5
DA:40,2
DA:43,1
DA:44,1
DA:46,1
DA:50,1
DA:51,1
DA:52,0
DA:53,0
DA:55,0
DA:58,1
DA:59,1
DA:60,0
DA:61,0
DA:63,0
DA:66,1
DA:67,2
DA:68,0
DA:70,5
DA:71,2
DA:74,1
DA:75,1
DA:77,1
DA:84,1
DA:85,0
DA:86,0
DA:87,0
DA:88,0
DA:91,1
DA:98,1
LF:55
LH:38
BRDA:5,0,0,0
BRDA:5,0,1,3
BRDA:8,1,0,1
BRDA:8,1,1,2
BRDA:13,2,0,1
BRDA:13,2,1,4
BRDA:15,3,0,4
BRDA:15,3,1,0
BRDA:29,4,0,0
BRDA:29,4,1,0
BRDA:36,5,0,0
BRDA:36,5,1,2
BRDA:40,6,0,1
BRDA:40,6,1,1
BRDA:52,7,0,0
BRDA:52,7,1,0
BRDA:60,8,0,0
BRDA:60,8,1,0
BRDA:67,9,0,0
BRDA:67,9,1,2
BRDA:71,10,0,1
BRDA:71,10,1,1
BRF:22
BRH:12
end_of_record
