TN:
SF:D:\traning\Hapi-routes\getfirstuser.js
FN:1,(anonymous_0)
FN:5,(anonymous_1)
FNF:2
FNH:2
FNDA:3,(anonymous_0)
FNDA:5,(anonymous_1)
DA:1,1
DA:2,3
DA:4,3
DA:5,1
DA:6,5
DA:10,3
DA:13,1
LF:7
LH:7
BRDA:1,0,0,1
BRDA:4,1,0,1
BRDA:4,1,1,2
BRF:3
BRH:3
end_of_record
TN:
SF:D:\traning\Hapi-routes\getuserdata.js
FN:5,(anonymous_0)
FN:7,(anonymous_1)
FN:11,(anonymous_2)
FN:15,(anonymous_3)
FN:15,(anonymous_4)
FN:24,(anonymous_5)
FN:25,(anonymous_6)
FN:26,(anonymous_7)
FNF:8
FNH:7
FNDA:3,(anonymous_0)
FNDA:9,(anonymous_1)
FNDA:4,(anonymous_2)
FNDA:1,(anonymous_3)
FNDA:0,(anonymous_4)
FNDA:1,(anonymous_5)
FNDA:1,(anonymous_6)
FNDA:1,(anonymous_7)
DA:1,1
DA:3,1
DA:5,1
DA:6,3
DA:7,9
DA:8,3
DA:11,1
DA:12,4
DA:13,3
DA:14,3
DA:15,1
DA:17,2
DA:20,1
DA:24,1
DA:25,1
DA:26,1
DA:27,1
DA:28,0
DA:30,1
DA:35,1
LF:20
LH:19
BRDA:12,0,0,3
BRDA:12,0,1,1
BRDA:14,1,0,1
BRDA:14,1,1,2
BRDA:27,2,0,0
BRDA:27,2,1,1
BRF:6
BRH:5
end_of_record
TN:
SF:D:\traning\Hapi-routes\index.js
FN:42,(anonymous_0)
FN:59,(anonymous_1)
FNF:2
FNH:0
FNDA:0,(anonymous_0)
FNDA:0,(anonymous_1)
DA:26,0
DA:27,0
DA:29,0
DA:31,0
DA:33,0
DA:35,0
DA:37,0
DA:39,0
DA:43,0
DA:44,0
DA:45,0
DA:48,0
DA:49,0
DA:53,0
DA:59,0
DA:60,0
LF:16
LH:0
BRDA:44,0,0,0
BRDA:44,0,1,0
BRF:2
BRH:0
end_of_record
